build/app/intermediates/manifest_merge_blame_file/release/manifest-merger-blame-release-report.txt
1<?xml version="1.0" encoding="utf-8"?>
2<manifest xmlns:android="http://schemas.android.com/apk/res/android"
3    package="com.example.festival"
4    android:versionCode="1"
5    android:versionName="1.0.0" >
6
7    <uses-sdk
8        android:minSdkVersion="16"
8-->src\main\AndroidManifest.xml
9        android:targetSdkVersion="30" />
9-->src\main\AndroidManifest.xml
10
11    <application
11-->src\main\AndroidManifest.xml:3:4-34:19
12        android:appComponentFactory="androidx.core.app.CoreComponentFactory"
12-->[androidx.core:core:1.1.0] AndroidManifest.xml:24:18-86
13        android:icon="@mipmap/ic_launcher"
13-->src\main\AndroidManifest.xml:5:9-43
14        android:label="festival" >
14-->src\main\AndroidManifest.xml:4:9-33
15        <activity
15-->src\main\AndroidManifest.xml:6:9-28:20
16            android:name="com.example.festival.MainActivity"
16-->src\main\AndroidManifest.xml:7:13-41
17            android:configChanges="orientation|keyboardHidden|keyboard|screenSize|smallestScreenSize|locale|layoutDirection|fontScale|screenLayout|density|uiMode"
17-->src\main\AndroidManifest.xml:10:13-163
18            android:hardwareAccelerated="true"
18-->src\main\AndroidManifest.xml:11:13-47
19            android:launchMode="singleTop"
19-->src\main\AndroidManifest.xml:8:13-43
20            android:theme="@style/LaunchTheme"
20-->src\main\AndroidManifest.xml:9:13-47
21            android:windowSoftInputMode="adjustResize" >
21-->src\main\AndroidManifest.xml:12:13-55
22
23            <!--
24                 Specifies an Android theme to apply to this Activity as soon as
25                 the Android process has started. This theme is visible to the user
26                 while the Flutter UI initializes. After that, this theme continues
27                 to determine the Window background behind the Flutter UI.
28            -->
29
30
31            <!--
32                 Displays an Android View that continues showing the launch screen
33                 Drawable until Flutter paints its first frame, then this splash
34                 screen fades out. A splash screen is useful to avoid any visual
35                 gap between the end of Android's launch screen and the painting of
36                 Flutter's first frame.
37            -->
38
39            <intent-filter>
39-->src\main\AndroidManifest.xml:24:13-27:29
40                <action android:name="android.intent.action.MAIN" />
40-->src\main\AndroidManifest.xml:25:17-68
40-->src\main\AndroidManifest.xml:25:25-66
41
42                <category android:name="android.intent.category.LAUNCHER" />
42-->src\main\AndroidManifest.xml:26:17-76
42-->src\main\AndroidManifest.xml:26:27-74
43            </intent-filter>
44        </activity>
45        <!--
46             Don't delete the meta-data below.
47             This is used by the Flutter tool to generate GeneratedPluginRegistrant.java
48        -->
49        <meta-data
49-->src\main\AndroidManifest.xml:31:9-33:33
50            android:name="flutterEmbedding"
50-->src\main\AndroidManifest.xml:32:13-44
51            android:value="2" />
51-->src\main\AndroidManifest.xml:33:13-30
52    </application>
53
54</manifest>